  [1m[35m (127.9ms)[0m  [1m[35mCREATE DATABASE "Pixsy_development" ENCODING = 'unicode'[0m
  ↳ bin/rails:9
  [1m[35m (112.0ms)[0m  [1m[35mCREATE DATABASE "Pixsy_test" ENCODING = 'unicode'[0m
  ↳ bin/rails:9
  [1m[35m (3.9ms)[0m  [1m[35mCREATE DATABASE "Pixsy_development" ENCODING = 'unicode'[0m
  ↳ bin/rails:9
  [1m[35m (0.3ms)[0m  [1m[35mCREATE DATABASE "Pixsy_test" ENCODING = 'unicode'[0m
  ↳ bin/rails:9
Started GET "/" for ::1 at 2021-06-01 17:11:29 -0400
Processing by Rails::WelcomeController#index as HTML
  Rendering /Users/will/.rbenv/versions/2.5.1/lib/ruby/gems/2.5.0/gems/railties-5.2.6/lib/rails/templates/rails/welcome/index.html.erb
  Rendered /Users/will/.rbenv/versions/2.5.1/lib/ruby/gems/2.5.0/gems/railties-5.2.6/lib/rails/templates/rails/welcome/index.html.erb (2.4ms)
Completed 200 OK in 15ms (Views: 9.0ms | ActiveRecord: 0.0ms)


Started GET "/" for ::1 at 2021-06-01 17:14:39 -0400
Processing by Rails::WelcomeController#index as HTML
  Rendering /Users/will/.rbenv/versions/2.5.1/lib/ruby/gems/2.5.0/gems/railties-5.2.6/lib/rails/templates/rails/welcome/index.html.erb
  Rendered /Users/will/.rbenv/versions/2.5.1/lib/ruby/gems/2.5.0/gems/railties-5.2.6/lib/rails/templates/rails/welcome/index.html.erb (1.3ms)
Completed 200 OK in 6ms (Views: 3.7ms | ActiveRecord: 0.0ms)


Started GET "/" for ::1 at 2021-06-01 17:14:39 -0400
Processing by Rails::WelcomeController#index as HTML
  Rendering /Users/will/.rbenv/versions/2.5.1/lib/ruby/gems/2.5.0/gems/railties-5.2.6/lib/rails/templates/rails/welcome/index.html.erb
  Rendered /Users/will/.rbenv/versions/2.5.1/lib/ruby/gems/2.5.0/gems/railties-5.2.6/lib/rails/templates/rails/welcome/index.html.erb (1.2ms)
Completed 200 OK in 6ms (Views: 3.3ms | ActiveRecord: 0.0ms)


Started GET "/" for ::1 at 2021-06-01 17:14:39 -0400
Processing by Rails::WelcomeController#index as HTML
  Rendering /Users/will/.rbenv/versions/2.5.1/lib/ruby/gems/2.5.0/gems/railties-5.2.6/lib/rails/templates/rails/welcome/index.html.erb
  Rendered /Users/will/.rbenv/versions/2.5.1/lib/ruby/gems/2.5.0/gems/railties-5.2.6/lib/rails/templates/rails/welcome/index.html.erb (1.3ms)
Completed 200 OK in 6ms (Views: 3.5ms | ActiveRecord: 0.0ms)


Started GET "/" for ::1 at 2021-06-01 17:14:40 -0400
Processing by Rails::WelcomeController#index as HTML
  Rendering /Users/will/.rbenv/versions/2.5.1/lib/ruby/gems/2.5.0/gems/railties-5.2.6/lib/rails/templates/rails/welcome/index.html.erb
  Rendered /Users/will/.rbenv/versions/2.5.1/lib/ruby/gems/2.5.0/gems/railties-5.2.6/lib/rails/templates/rails/welcome/index.html.erb (1.2ms)
Completed 200 OK in 6ms (Views: 3.6ms | ActiveRecord: 0.0ms)


Started GET "/" for ::1 at 2021-06-01 17:14:40 -0400
Processing by Rails::WelcomeController#index as HTML
  Rendering /Users/will/.rbenv/versions/2.5.1/lib/ruby/gems/2.5.0/gems/railties-5.2.6/lib/rails/templates/rails/welcome/index.html.erb
  Rendered /Users/will/.rbenv/versions/2.5.1/lib/ruby/gems/2.5.0/gems/railties-5.2.6/lib/rails/templates/rails/welcome/index.html.erb (1.3ms)
Completed 200 OK in 6ms (Views: 3.5ms | ActiveRecord: 0.0ms)


Started GET "/" for ::1 at 2021-06-01 17:14:40 -0400
Processing by Rails::WelcomeController#index as HTML
  Rendering /Users/will/.rbenv/versions/2.5.1/lib/ruby/gems/2.5.0/gems/railties-5.2.6/lib/rails/templates/rails/welcome/index.html.erb
  Rendered /Users/will/.rbenv/versions/2.5.1/lib/ruby/gems/2.5.0/gems/railties-5.2.6/lib/rails/templates/rails/welcome/index.html.erb (1.3ms)
Completed 200 OK in 6ms (Views: 3.5ms | ActiveRecord: 0.0ms)


Started GET "/" for ::1 at 2021-06-01 17:14:40 -0400
Processing by Rails::WelcomeController#index as HTML
  Rendering /Users/will/.rbenv/versions/2.5.1/lib/ruby/gems/2.5.0/gems/railties-5.2.6/lib/rails/templates/rails/welcome/index.html.erb
  Rendered /Users/will/.rbenv/versions/2.5.1/lib/ruby/gems/2.5.0/gems/railties-5.2.6/lib/rails/templates/rails/welcome/index.html.erb (1.3ms)
Completed 200 OK in 6ms (Views: 3.5ms | ActiveRecord: 0.0ms)


Started GET "/" for ::1 at 2021-06-01 17:16:33 -0400
Processing by Rails::WelcomeController#index as HTML
  Rendering /Users/will/.rbenv/versions/2.5.1/lib/ruby/gems/2.5.0/gems/railties-5.2.6/lib/rails/templates/rails/welcome/index.html.erb
  Rendered /Users/will/.rbenv/versions/2.5.1/lib/ruby/gems/2.5.0/gems/railties-5.2.6/lib/rails/templates/rails/welcome/index.html.erb (1.1ms)
Completed 200 OK in 6ms (Views: 3.4ms | ActiveRecord: 0.0ms)


Started GET "/" for ::1 at 2021-06-01 17:16:33 -0400
Processing by Rails::WelcomeController#index as HTML
  Rendering /Users/will/.rbenv/versions/2.5.1/lib/ruby/gems/2.5.0/gems/railties-5.2.6/lib/rails/templates/rails/welcome/index.html.erb
  Rendered /Users/will/.rbenv/versions/2.5.1/lib/ruby/gems/2.5.0/gems/railties-5.2.6/lib/rails/templates/rails/welcome/index.html.erb (1.2ms)
Completed 200 OK in 6ms (Views: 3.4ms | ActiveRecord: 0.0ms)


Started GET "/" for ::1 at 2021-06-01 17:16:34 -0400
Processing by Rails::WelcomeController#index as HTML
  Rendering /Users/will/.rbenv/versions/2.5.1/lib/ruby/gems/2.5.0/gems/railties-5.2.6/lib/rails/templates/rails/welcome/index.html.erb
  Rendered /Users/will/.rbenv/versions/2.5.1/lib/ruby/gems/2.5.0/gems/railties-5.2.6/lib/rails/templates/rails/welcome/index.html.erb (1.2ms)
Completed 200 OK in 6ms (Views: 3.7ms | ActiveRecord: 0.0ms)


Started GET "/" for ::1 at 2021-06-01 17:16:34 -0400
Processing by Rails::WelcomeController#index as HTML
  Rendering /Users/will/.rbenv/versions/2.5.1/lib/ruby/gems/2.5.0/gems/railties-5.2.6/lib/rails/templates/rails/welcome/index.html.erb
  Rendered /Users/will/.rbenv/versions/2.5.1/lib/ruby/gems/2.5.0/gems/railties-5.2.6/lib/rails/templates/rails/welcome/index.html.erb (1.1ms)
Completed 200 OK in 6ms (Views: 3.4ms | ActiveRecord: 0.0ms)


Started GET "/" for ::1 at 2021-06-01 17:16:34 -0400
Processing by Rails::WelcomeController#index as HTML
  Rendering /Users/will/.rbenv/versions/2.5.1/lib/ruby/gems/2.5.0/gems/railties-5.2.6/lib/rails/templates/rails/welcome/index.html.erb
  Rendered /Users/will/.rbenv/versions/2.5.1/lib/ruby/gems/2.5.0/gems/railties-5.2.6/lib/rails/templates/rails/welcome/index.html.erb (1.3ms)
Completed 200 OK in 6ms (Views: 3.6ms | ActiveRecord: 0.0ms)


Started GET "/" for ::1 at 2021-06-01 17:16:34 -0400
Processing by Rails::WelcomeController#index as HTML
  Rendering /Users/will/.rbenv/versions/2.5.1/lib/ruby/gems/2.5.0/gems/railties-5.2.6/lib/rails/templates/rails/welcome/index.html.erb
  Rendered /Users/will/.rbenv/versions/2.5.1/lib/ruby/gems/2.5.0/gems/railties-5.2.6/lib/rails/templates/rails/welcome/index.html.erb (1.1ms)
Completed 200 OK in 6ms (Views: 3.3ms | ActiveRecord: 0.0ms)


Started GET "/" for ::1 at 2021-06-01 17:16:34 -0400
Processing by Rails::WelcomeController#index as HTML
  Rendering /Users/will/.rbenv/versions/2.5.1/lib/ruby/gems/2.5.0/gems/railties-5.2.6/lib/rails/templates/rails/welcome/index.html.erb
  Rendered /Users/will/.rbenv/versions/2.5.1/lib/ruby/gems/2.5.0/gems/railties-5.2.6/lib/rails/templates/rails/welcome/index.html.erb (1.2ms)
Completed 200 OK in 6ms (Views: 3.4ms | ActiveRecord: 0.0ms)


Started GET "/" for ::1 at 2021-06-01 17:16:35 -0400
Processing by Rails::WelcomeController#index as HTML
  Rendering /Users/will/.rbenv/versions/2.5.1/lib/ruby/gems/2.5.0/gems/railties-5.2.6/lib/rails/templates/rails/welcome/index.html.erb
  Rendered /Users/will/.rbenv/versions/2.5.1/lib/ruby/gems/2.5.0/gems/railties-5.2.6/lib/rails/templates/rails/welcome/index.html.erb (1.2ms)
Completed 200 OK in 6ms (Views: 3.4ms | ActiveRecord: 0.0ms)


Started GET "/" for ::1 at 2021-06-01 17:19:39 -0400
Processing by Rails::WelcomeController#index as HTML
  Rendering /Users/will/.rbenv/versions/2.5.1/lib/ruby/gems/2.5.0/gems/railties-5.2.6/lib/rails/templates/rails/welcome/index.html.erb
  Rendered /Users/will/.rbenv/versions/2.5.1/lib/ruby/gems/2.5.0/gems/railties-5.2.6/lib/rails/templates/rails/welcome/index.html.erb (1.1ms)
Completed 200 OK in 8ms (Views: 4.3ms | ActiveRecord: 0.0ms)


Started GET "/" for ::1 at 2021-06-01 17:19:40 -0400
Processing by Rails::WelcomeController#index as HTML
  Rendering /Users/will/.rbenv/versions/2.5.1/lib/ruby/gems/2.5.0/gems/railties-5.2.6/lib/rails/templates/rails/welcome/index.html.erb
  Rendered /Users/will/.rbenv/versions/2.5.1/lib/ruby/gems/2.5.0/gems/railties-5.2.6/lib/rails/templates/rails/welcome/index.html.erb (1.1ms)
Completed 200 OK in 6ms (Views: 3.4ms | ActiveRecord: 0.0ms)


Started GET "/" for ::1 at 2021-06-01 17:19:40 -0400
Processing by Rails::WelcomeController#index as HTML
  Rendering /Users/will/.rbenv/versions/2.5.1/lib/ruby/gems/2.5.0/gems/railties-5.2.6/lib/rails/templates/rails/welcome/index.html.erb
  Rendered /Users/will/.rbenv/versions/2.5.1/lib/ruby/gems/2.5.0/gems/railties-5.2.6/lib/rails/templates/rails/welcome/index.html.erb (1.1ms)
Completed 200 OK in 6ms (Views: 3.3ms | ActiveRecord: 0.0ms)


Started GET "/" for ::1 at 2021-06-01 17:19:41 -0400
Processing by Rails::WelcomeController#index as HTML
  Rendering /Users/will/.rbenv/versions/2.5.1/lib/ruby/gems/2.5.0/gems/railties-5.2.6/lib/rails/templates/rails/welcome/index.html.erb
  Rendered /Users/will/.rbenv/versions/2.5.1/lib/ruby/gems/2.5.0/gems/railties-5.2.6/lib/rails/templates/rails/welcome/index.html.erb (1.1ms)
Completed 200 OK in 6ms (Views: 3.5ms | ActiveRecord: 0.0ms)


Started GET "/" for ::1 at 2021-06-01 17:19:41 -0400
Processing by Rails::WelcomeController#index as HTML
  Rendering /Users/will/.rbenv/versions/2.5.1/lib/ruby/gems/2.5.0/gems/railties-5.2.6/lib/rails/templates/rails/welcome/index.html.erb
  Rendered /Users/will/.rbenv/versions/2.5.1/lib/ruby/gems/2.5.0/gems/railties-5.2.6/lib/rails/templates/rails/welcome/index.html.erb (1.3ms)
Completed 200 OK in 6ms (Views: 3.5ms | ActiveRecord: 0.0ms)


Started GET "/" for ::1 at 2021-06-01 17:20:47 -0400
Processing by Rails::WelcomeController#index as HTML
  Rendering /Users/will/.rbenv/versions/2.5.1/lib/ruby/gems/2.5.0/gems/railties-5.2.6/lib/rails/templates/rails/welcome/index.html.erb
  Rendered /Users/will/.rbenv/versions/2.5.1/lib/ruby/gems/2.5.0/gems/railties-5.2.6/lib/rails/templates/rails/welcome/index.html.erb (1.3ms)
Completed 200 OK in 6ms (Views: 3.8ms | ActiveRecord: 0.0ms)


Started GET "/" for ::1 at 2021-06-01 17:20:48 -0400
Processing by Rails::WelcomeController#index as HTML
  Rendering /Users/will/.rbenv/versions/2.5.1/lib/ruby/gems/2.5.0/gems/railties-5.2.6/lib/rails/templates/rails/welcome/index.html.erb
  Rendered /Users/will/.rbenv/versions/2.5.1/lib/ruby/gems/2.5.0/gems/railties-5.2.6/lib/rails/templates/rails/welcome/index.html.erb (1.0ms)
Completed 200 OK in 6ms (Views: 3.2ms | ActiveRecord: 0.0ms)


Started GET "/" for ::1 at 2021-06-01 17:20:48 -0400
Processing by Rails::WelcomeController#index as HTML
  Rendering /Users/will/.rbenv/versions/2.5.1/lib/ruby/gems/2.5.0/gems/railties-5.2.6/lib/rails/templates/rails/welcome/index.html.erb
  Rendered /Users/will/.rbenv/versions/2.5.1/lib/ruby/gems/2.5.0/gems/railties-5.2.6/lib/rails/templates/rails/welcome/index.html.erb (1.1ms)
Completed 200 OK in 6ms (Views: 3.4ms | ActiveRecord: 0.0ms)


Started GET "/" for ::1 at 2021-06-01 17:20:48 -0400
Processing by Rails::WelcomeController#index as HTML
  Rendering /Users/will/.rbenv/versions/2.5.1/lib/ruby/gems/2.5.0/gems/railties-5.2.6/lib/rails/templates/rails/welcome/index.html.erb
  Rendered /Users/will/.rbenv/versions/2.5.1/lib/ruby/gems/2.5.0/gems/railties-5.2.6/lib/rails/templates/rails/welcome/index.html.erb (1.2ms)
Completed 200 OK in 6ms (Views: 3.6ms | ActiveRecord: 0.0ms)


Started GET "/" for ::1 at 2021-06-01 17:20:48 -0400
Processing by Rails::WelcomeController#index as HTML
  Rendering /Users/will/.rbenv/versions/2.5.1/lib/ruby/gems/2.5.0/gems/railties-5.2.6/lib/rails/templates/rails/welcome/index.html.erb
  Rendered /Users/will/.rbenv/versions/2.5.1/lib/ruby/gems/2.5.0/gems/railties-5.2.6/lib/rails/templates/rails/welcome/index.html.erb (2.4ms)
Completed 200 OK in 7ms (Views: 4.6ms | ActiveRecord: 0.0ms)


Started GET "/" for ::1 at 2021-06-01 17:21:23 -0400
Processing by StaticPagesController#root as HTML
  Rendering static_pages/root.html.erb within layouts/application
  Rendered static_pages/root.html.erb within layouts/application (0.2ms)
Completed 200 OK in 1042ms (Views: 1039.9ms | ActiveRecord: 0.0ms)


Started GET "/" for ::1 at 2021-06-01 17:26:57 -0400
Processing by StaticPagesController#root as HTML
  Rendering static_pages/root.html.erb within layouts/application
  Rendered static_pages/root.html.erb within layouts/application (0.2ms)
Completed 200 OK in 12ms (Views: 10.5ms | ActiveRecord: 0.0ms)


Started GET "/" for ::1 at 2021-06-01 17:36:42 -0400
Processing by StaticPagesController#root as HTML
  Rendering static_pages/root.html.erb within layouts/application
  Rendered static_pages/root.html.erb within layouts/application (0.2ms)
Completed 200 OK in 16ms (Views: 14.4ms | ActiveRecord: 0.0ms)


Started GET "/" for ::1 at 2021-06-01 17:59:23 -0400
Processing by StaticPagesController#root as HTML
  Rendering static_pages/root.html.erb within layouts/application
  Rendered static_pages/root.html.erb within layouts/application (0.3ms)
Completed 200 OK in 429ms (Views: 427.5ms | ActiveRecord: 0.0ms)


Started GET "/" for ::1 at 2021-06-01 17:59:29 -0400
Processing by StaticPagesController#root as HTML
  Rendering static_pages/root.html.erb within layouts/application
  Rendered static_pages/root.html.erb within layouts/application (0.2ms)
Completed 200 OK in 396ms (Views: 394.0ms | ActiveRecord: 0.0ms)


Started GET "/" for ::1 at 2021-06-01 17:59:38 -0400
Processing by StaticPagesController#root as HTML
  Rendering static_pages/root.html.erb within layouts/application
  Rendered static_pages/root.html.erb within layouts/application (0.2ms)
Completed 200 OK in 441ms (Views: 439.4ms | ActiveRecord: 0.0ms)


Started GET "/" for ::1 at 2021-06-01 18:10:02 -0400
Processing by StaticPagesController#root as HTML
  Rendering static_pages/root.html.erb within layouts/application
  Rendered static_pages/root.html.erb within layouts/application (0.3ms)
Completed 200 OK in 14ms (Views: 11.4ms | ActiveRecord: 0.0ms)


  [1m[35m (16.8ms)[0m  [1m[35mCREATE TABLE "schema_migrations" ("version" character varying NOT NULL PRIMARY KEY)[0m
  ↳ bin/rails:9
  [1m[35m (19.1ms)[0m  [1m[35mCREATE TABLE "ar_internal_metadata" ("key" character varying NOT NULL PRIMARY KEY, "value" character varying, "created_at" timestamp NOT NULL, "updated_at" timestamp NOT NULL)[0m
  ↳ bin/rails:9
  [1m[35m (0.1ms)[0m  [1m[34mSELECT pg_try_advisory_lock(7743780975886733715)[0m
  ↳ bin/rails:9
  [1m[35m (0.4ms)[0m  [1m[34mSELECT "schema_migrations"."version" FROM "schema_migrations" ORDER BY "schema_migrations"."version" ASC[0m
  ↳ bin/rails:9
Migrating to CreateUsers (20210601230313)
  [1m[35m (0.1ms)[0m  [1m[35mBEGIN[0m
  ↳ bin/rails:9
  [1m[35m (26.9ms)[0m  [1m[35mCREATE TABLE "users" ("id" bigserial primary key, "first_name" character varying NOT NULL, "email" character varying NOT NULL, "password_digest" character varying NOT NULL, "session_token" character varying NOT NULL, "created_at" timestamp NOT NULL, "updated_at" timestamp NOT NULL)[0m
  ↳ db/migrate/20210601230313_create_users.rb:3
  [1m[35m (0.7ms)[0m  [1m[35mCREATE UNIQUE INDEX  "index_users_on_email" ON "users"  ("email")[0m
  ↳ db/migrate/20210601230313_create_users.rb:11
  [1m[35m (0.6ms)[0m  [1m[35mCREATE UNIQUE INDEX  "index_users_on_session_token" ON "users"  ("session_token")[0m
  ↳ db/migrate/20210601230313_create_users.rb:12
  [1m[36mActiveRecord::SchemaMigration Create (0.3ms)[0m  [1m[32mINSERT INTO "schema_migrations" ("version") VALUES ($1) RETURNING "version"[0m  [["version", "20210601230313"]]
  ↳ bin/rails:9
  [1m[35m (0.3ms)[0m  [1m[35mCOMMIT[0m
  ↳ bin/rails:9
  [1m[36mActiveRecord::InternalMetadata Load (0.3ms)[0m  [1m[34mSELECT  "ar_internal_metadata".* FROM "ar_internal_metadata" WHERE "ar_internal_metadata"."key" = $1 LIMIT $2[0m  [["key", "environment"], ["LIMIT", 1]]
  ↳ bin/rails:9
  [1m[35m (0.1ms)[0m  [1m[35mBEGIN[0m
  ↳ bin/rails:9
  [1m[36mActiveRecord::InternalMetadata Create (0.3ms)[0m  [1m[32mINSERT INTO "ar_internal_metadata" ("key", "value", "created_at", "updated_at") VALUES ($1, $2, $3, $4) RETURNING "key"[0m  [["key", "environment"], ["value", "development"], ["created_at", "2021-06-01 23:05:00.077491"], ["updated_at", "2021-06-01 23:05:00.077491"]]
  ↳ bin/rails:9
  [1m[35m (5.4ms)[0m  [1m[35mCOMMIT[0m
  ↳ bin/rails:9
  [1m[35m (0.2ms)[0m  [1m[34mSELECT pg_advisory_unlock(7743780975886733715)[0m
  ↳ bin/rails:9
  [1m[35m (0.2ms)[0m  [1m[34mSELECT "schema_migrations"."version" FROM "schema_migrations" ORDER BY "schema_migrations"."version" ASC[0m
  ↳ bin/rails:9
Started GET "/" for ::1 at 2021-06-01 19:52:34 -0400
  [1m[35m (0.5ms)[0m  [1m[34mSELECT "schema_migrations"."version" FROM "schema_migrations" ORDER BY "schema_migrations"."version" ASC[0m
  ↳ /Users/will/.rbenv/versions/2.5.1/lib/ruby/gems/2.5.0/gems/activerecord-5.2.6/lib/active_record/log_subscriber.rb:98
Processing by StaticPagesController#root as HTML
  Rendering static_pages/root.html.erb within layouts/application
  Rendered static_pages/root.html.erb within layouts/application (0.9ms)
Completed 200 OK in 1395ms (Views: 1391.0ms | ActiveRecord: 0.0ms)


Started GET "/" for ::1 at 2021-06-01 19:52:59 -0400
Processing by StaticPagesController#root as HTML
  Rendering static_pages/root.html.erb within layouts/application
  Rendered static_pages/root.html.erb within layouts/application (0.2ms)
Completed 200 OK in 16ms (Views: 13.7ms | ActiveRecord: 0.0ms)


Started GET "/" for ::1 at 2021-06-01 19:53:02 -0400
Processing by StaticPagesController#root as HTML
  Rendering static_pages/root.html.erb within layouts/application
  Rendered static_pages/root.html.erb within layouts/application (0.2ms)
Completed 200 OK in 418ms (Views: 415.7ms | ActiveRecord: 0.0ms)


Started GET "/" for ::1 at 2021-06-01 19:53:48 -0400
Processing by StaticPagesController#root as HTML
  Rendering static_pages/root.html.erb within layouts/application
  Rendered static_pages/root.html.erb within layouts/application (0.2ms)
Completed 200 OK in 21ms (Views: 19.1ms | ActiveRecord: 0.0ms)


Started GET "/" for ::1 at 2021-06-01 19:55:31 -0400
Processing by StaticPagesController#root as HTML
  Rendering static_pages/root.html.erb within layouts/application
  Rendered static_pages/root.html.erb within layouts/application (0.2ms)
Completed 200 OK in 437ms (Views: 435.2ms | ActiveRecord: 0.0ms)


Started GET "/" for ::1 at 2021-06-01 19:55:49 -0400
Processing by StaticPagesController#root as HTML
  Rendering static_pages/root.html.erb within layouts/application
  Rendered static_pages/root.html.erb within layouts/application (0.3ms)
Completed 200 OK in 36ms (Views: 32.6ms | ActiveRecord: 0.0ms)


Started GET "/" for ::1 at 2021-06-01 19:57:47 -0400
Processing by StaticPagesController#root as HTML
  Rendering static_pages/root.html.erb within layouts/application
  Rendered static_pages/root.html.erb within layouts/application (0.2ms)
Completed 200 OK in 25ms (Views: 23.2ms | ActiveRecord: 0.0ms)


Started GET "/" for ::1 at 2021-06-01 19:58:41 -0400
Processing by StaticPagesController#root as HTML
  Rendering static_pages/root.html.erb within layouts/application
  Rendered static_pages/root.html.erb within layouts/application (0.2ms)
Completed 200 OK in 14ms (Views: 12.8ms | ActiveRecord: 0.0ms)


Started GET "/" for ::1 at 2021-06-01 19:59:49 -0400
Processing by StaticPagesController#root as HTML
  Rendering static_pages/root.html.erb within layouts/application
  Rendered static_pages/root.html.erb within layouts/application (0.2ms)
Completed 200 OK in 421ms (Views: 419.1ms | ActiveRecord: 0.0ms)


